<?xml version="1.0" encoding="utf-8" standalone="no"?>
<!--This file represents the results of running a test suite-->
<test-results name="C:\Users\tiousi\Documents\Visual Studio 2010\Projects\TDDice\TDDice.nunit" total="3" errors="1" failures="0" not-run="0" inconclusive="0" ignored="0" skipped="0" invalid="0" date="2012-09-21" time="22:04:08">
  <environment nunit-version="2.5.9.10348" clr-version="2.0.50727.5456" os-version="Microsoft Windows NT 6.1.7601 Service Pack 1" platform="Win32NT" cwd="C:\Users\tiousi\Documents\Visual Studio 2010\Projects\WpfSnake\NUnit-2.5.9.10348\NUnit-2.5.9.10348\bin\net-2.0" machine-name="TIOUSI-TOSH" user="tiousi" user-domain="tiousi-TOSH" />
  <culture-info current-culture="fr-FR" current-uiculture="fr-FR" />
  <test-suite type="Project" name="C:\Users\tiousi\Documents\Visual Studio 2010\Projects\TDDice\TDDice.nunit" executed="True" result="Failure" success="False" time="0.511" asserts="0">
    <results>
      <test-suite type="Assembly" name="C:\Users\tiousi\Documents\Visual Studio 2010\Projects\TDDice\TDDice.Test\bin\Release\TDDice.Test.dll" executed="True" result="Failure" success="False" time="0.481" asserts="0">
        <results>
          <test-suite type="Namespace" name="TDDice" executed="True" result="Failure" success="False" time="0.478" asserts="0">
            <results>
              <test-suite type="Namespace" name="Test" executed="True" result="Failure" success="False" time="0.474" asserts="0">
                <results>
                  <test-suite type="TestFixture" name="MoreThan30LessThan12GameTest" executed="True" result="Failure" success="False" time="0.472" asserts="0">
                    <results>
                      <test-suite type="ParameterizedTest" name="PlayZone_AtInit_ShouldContains6Elements" executed="True" result="Success" success="True" time="0.113" asserts="0">
                        <results>
                          <test-case name="TDDice.Test.MoreThan30LessThan12GameTest.PlayZone_AtInit_ShouldContains6Elements()" executed="True" result="Success" success="True" time="0.107" asserts="2" />
                        </results>
                      </test-suite>
                      <test-suite type="ParameterizedTest" name="SaveDice_WithFirstPlayedDice_ShoudAddDiceToTheSavedPanel" executed="True" result="Failure" success="False" time="0.303" asserts="0">
                        <results>
                          <test-case name="TDDice.Test.MoreThan30LessThan12GameTest.SaveDice_WithFirstPlayedDice_ShoudAddDiceToTheSavedPanel()" executed="True" result="Error" success="False" time="0.300" asserts="0">
                            <failure>
                              <message><![CDATA[System.NotSupportedException : Collection was of a fixed size.]]></message>
                              <stack-trace><![CDATA[at System.SZArrayHelper.Add[T](T value)
at TDDice.Test.MoreThan30LessThan12GameTest.SaveDice_WithFirstPlayedDice_ShoudAddDiceToTheSavedPanel() in C:\Users\tiousi\Documents\Visual Studio 2010\Projects\TDDice\TDDice.Test\MoreThan30LessThan12GameTest.cs:line 31
]]></stack-trace>
                            </failure>
                          </test-case>
                        </results>
                      </test-suite>
                      <test-suite type="ParameterizedTest" name="SavedZone_AtInit_ShouldContains0Elements" executed="True" result="Success" success="True" time="0.004" asserts="0">
                        <results>
                          <test-case name="TDDice.Test.MoreThan30LessThan12GameTest.SavedZone_AtInit_ShouldContains0Elements()" executed="True" result="Success" success="True" time="0.002" asserts="2" />
                        </results>
                      </test-suite>
                    </results>
                  </test-suite>
                </results>
              </test-suite>
            </results>
          </test-suite>
        </results>
      </test-suite>
    </results>
  </test-suite>
</test-results>